2025-03-16 17:02:19,210 - INFO - 
RERERE
2025-03-16 17:02:19,214 - INFO - 
Переданные параметры: ccscsss
2025-03-16 17:03:50,659 - INFO - 
RERERE
2025-03-16 17:03:50,662 - INFO - 
Переданные параметры: {'sender': '+79875543202', 'recipient': '89875543211', 'message': 'Привет! Лови смс'}
2025-03-16 17:08:24,320 - INFO - 
Переданные параметры: {'sender': '+79875543202', 'recipient': '89875543211', 'message': 'Привет! Лови смс'}
2025-03-16 17:08:24,337 - INFO - 
Переданные параметры: 400
2025-03-16 17:10:32,825 - INFO - 
Переданные параметры: {'sender': '+79875543202', 'recipient': '89875543211', 'message': 'Привет! Лови смс'}
2025-03-16 17:10:32,839 - INFO - 
Код ответа: 400
2025-03-16 17:11:26,246 - INFO - 
Переданные параметры: {'sender': '+79875543202', 'recipient': '89875543211', 'message': 'Привет! Лови смс'}

2025-03-16 17:11:26,260 - INFO - 
Код ответа: 400
